
[2024-11-25T08:57:28.387Z]
Error: Review not found or unauthorized to delete
Stack: ApiError: Review not found or unauthorized to delete
    at Object.deleteReview (file:///Users/heomapaj/FPolytechnic%20Ha%CC%80%20No%CC%A3%CC%82i/SUM2024-BLOCK1/DATN-2024/BE/src/api/client/review/review.service.js:85:13)
    at process.processTicksAndRejections (node:internal/process/task_queues:95:5)
    at async deleteReview (file:///Users/heomapaj/FPolytechnic%20Ha%CC%80%20No%CC%A3%CC%82i/SUM2024-BLOCK1/DATN-2024/BE/src/api/client/review/review.controller.js:27:28)
Additional Info: {
  "function": "deleteReview",
  "params": "Params: {\"id\":\"673b52e6fc1fee1583b01f0f\"}"
}
----------------------------------------

[2024-11-25T08:58:22.025Z]
Error: Cannot read properties of undefined (reading '_id')
Stack: TypeError: Cannot read properties of undefined (reading '_id')
    at Object.deleteReview (file:///Users/heomapaj/FPolytechnic%20Ha%CC%80%20No%CC%A3%CC%82i/SUM2024-BLOCK1/DATN-2024/BE/src/api/client/review/review.service.js:78:24)
    at deleteReview (file:///Users/heomapaj/FPolytechnic%20Ha%CC%80%20No%CC%A3%CC%82i/SUM2024-BLOCK1/DATN-2024/BE/src/api/client/review/review.controller.js:27:48)
    at Layer.handle [as handle_request] (/Users/heomapaj/FPolytechnic Hà Nội/SUM2024-BLOCK1/DATN-2024/BE/node_modules/express/lib/router/layer.js:95:5)
    at next (/Users/heomapaj/FPolytechnic Hà Nội/SUM2024-BLOCK1/DATN-2024/BE/node_modules/express/lib/router/route.js:149:13)
    at Route.dispatch (/Users/heomapaj/FPolytechnic Hà Nội/SUM2024-BLOCK1/DATN-2024/BE/node_modules/express/lib/router/route.js:119:3)
    at Layer.handle [as handle_request] (/Users/heomapaj/FPolytechnic Hà Nội/SUM2024-BLOCK1/DATN-2024/BE/node_modules/express/lib/router/layer.js:95:5)
    at /Users/heomapaj/FPolytechnic Hà Nội/SUM2024-BLOCK1/DATN-2024/BE/node_modules/express/lib/router/index.js:284:15
    at param (/Users/heomapaj/FPolytechnic Hà Nội/SUM2024-BLOCK1/DATN-2024/BE/node_modules/express/lib/router/index.js:365:14)
    at param (/Users/heomapaj/FPolytechnic Hà Nội/SUM2024-BLOCK1/DATN-2024/BE/node_modules/express/lib/router/index.js:376:14)
    at Function.process_params (/Users/heomapaj/FPolytechnic Hà Nội/SUM2024-BLOCK1/DATN-2024/BE/node_modules/express/lib/router/index.js:421:3)
Additional Info: {
  "function": "deleteReview",
  "params": "Params: {\"id\":\"673b52e6fc1fee1583b01f0f\"}"
}
----------------------------------------

[2024-11-25T09:00:25.248Z]
Error: Cannot read properties of undefined (reading '_id')
Stack: TypeError: Cannot read properties of undefined (reading '_id')
    at Object.deleteReview (file:///Users/heomapaj/FPolytechnic%20Ha%CC%80%20No%CC%A3%CC%82i/SUM2024-BLOCK1/DATN-2024/BE/src/api/client/review/review.service.js:81:24)
    at deleteReview (file:///Users/heomapaj/FPolytechnic%20Ha%CC%80%20No%CC%A3%CC%82i/SUM2024-BLOCK1/DATN-2024/BE/src/api/client/review/review.controller.js:27:48)
    at Layer.handle [as handle_request] (/Users/heomapaj/FPolytechnic Hà Nội/SUM2024-BLOCK1/DATN-2024/BE/node_modules/express/lib/router/layer.js:95:5)
    at next (/Users/heomapaj/FPolytechnic Hà Nội/SUM2024-BLOCK1/DATN-2024/BE/node_modules/express/lib/router/route.js:149:13)
    at Route.dispatch (/Users/heomapaj/FPolytechnic Hà Nội/SUM2024-BLOCK1/DATN-2024/BE/node_modules/express/lib/router/route.js:119:3)
    at Layer.handle [as handle_request] (/Users/heomapaj/FPolytechnic Hà Nội/SUM2024-BLOCK1/DATN-2024/BE/node_modules/express/lib/router/layer.js:95:5)
    at /Users/heomapaj/FPolytechnic Hà Nội/SUM2024-BLOCK1/DATN-2024/BE/node_modules/express/lib/router/index.js:284:15
    at param (/Users/heomapaj/FPolytechnic Hà Nội/SUM2024-BLOCK1/DATN-2024/BE/node_modules/express/lib/router/index.js:365:14)
    at param (/Users/heomapaj/FPolytechnic Hà Nội/SUM2024-BLOCK1/DATN-2024/BE/node_modules/express/lib/router/index.js:376:14)
    at Function.process_params (/Users/heomapaj/FPolytechnic Hà Nội/SUM2024-BLOCK1/DATN-2024/BE/node_modules/express/lib/router/index.js:421:3)
Additional Info: {
  "function": "deleteReview",
  "params": "Params: {\"id\":\"673b52e6fc1fee1583b01f0f\"}"
}
----------------------------------------

[2024-11-25T09:01:41.679Z]
Error: Cannot read properties of undefined (reading '_id')
Stack: TypeError: Cannot read properties of undefined (reading '_id')
    at Object.deleteReview (file:///Users/heomapaj/FPolytechnic%20Ha%CC%80%20No%CC%A3%CC%82i/SUM2024-BLOCK1/DATN-2024/BE/src/api/client/review/review.service.js:81:24)
    at deleteReview (file:///Users/heomapaj/FPolytechnic%20Ha%CC%80%20No%CC%A3%CC%82i/SUM2024-BLOCK1/DATN-2024/BE/src/api/client/review/review.controller.js:27:48)
    at Layer.handle [as handle_request] (/Users/heomapaj/FPolytechnic Hà Nội/SUM2024-BLOCK1/DATN-2024/BE/node_modules/express/lib/router/layer.js:95:5)
    at next (/Users/heomapaj/FPolytechnic Hà Nội/SUM2024-BLOCK1/DATN-2024/BE/node_modules/express/lib/router/route.js:149:13)
    at Route.dispatch (/Users/heomapaj/FPolytechnic Hà Nội/SUM2024-BLOCK1/DATN-2024/BE/node_modules/express/lib/router/route.js:119:3)
    at Layer.handle [as handle_request] (/Users/heomapaj/FPolytechnic Hà Nội/SUM2024-BLOCK1/DATN-2024/BE/node_modules/express/lib/router/layer.js:95:5)
    at /Users/heomapaj/FPolytechnic Hà Nội/SUM2024-BLOCK1/DATN-2024/BE/node_modules/express/lib/router/index.js:284:15
    at param (/Users/heomapaj/FPolytechnic Hà Nội/SUM2024-BLOCK1/DATN-2024/BE/node_modules/express/lib/router/index.js:365:14)
    at param (/Users/heomapaj/FPolytechnic Hà Nội/SUM2024-BLOCK1/DATN-2024/BE/node_modules/express/lib/router/index.js:376:14)
    at Function.process_params (/Users/heomapaj/FPolytechnic Hà Nội/SUM2024-BLOCK1/DATN-2024/BE/node_modules/express/lib/router/index.js:421:3)
Additional Info: {
  "function": "deleteReview",
  "params": "Params: {\"id\":\"673b52e6fc1fee1583b01f0f\"}"
}
----------------------------------------

[2024-11-25T09:08:13.726Z]
Error: Review not found or unauthorized to delete
Stack: ApiError: Review not found or unauthorized to delete
    at Object.deleteReviewByAdmin (file:///Users/heomapaj/FPolytechnic%20Ha%CC%80%20No%CC%A3%CC%82i/SUM2024-BLOCK1/DATN-2024/BE/src/api/client/review/review.service.js:109:13)
    at process.processTicksAndRejections (node:internal/process/task_queues:95:5)
    at async deleteReviewByAdmin (file:///Users/heomapaj/FPolytechnic%20Ha%CC%80%20No%CC%A3%CC%82i/SUM2024-BLOCK1/DATN-2024/BE/src/api/client/review/review.controller.js:39:28)
Additional Info: {
  "function": "deleteReview",
  "params": "Params: {\"id\":\"673b52e6fc1fee1583b01f0f\"}"
}
----------------------------------------

[2024-11-25T09:09:51.990Z]
Error: Review not found or unauthorized to delete
Stack: ApiError: Review not found or unauthorized to delete
    at Object.deleteReviewByAdmin (file:///Users/heomapaj/FPolytechnic%20Ha%CC%80%20No%CC%A3%CC%82i/SUM2024-BLOCK1/DATN-2024/BE/src/api/client/review/review.service.js:109:13)
    at process.processTicksAndRejections (node:internal/process/task_queues:95:5)
    at async deleteReviewByAdmin (file:///Users/heomapaj/FPolytechnic%20Ha%CC%80%20No%CC%A3%CC%82i/SUM2024-BLOCK1/DATN-2024/BE/src/api/client/review/review.controller.js:40:28)
Additional Info: {
  "function": "deleteReview",
  "params": "Params: {\"id\":\"673b52e6fc1fee1583b01f0f\"}"
}
----------------------------------------
